<?xml version="1.0" encoding="UTF-8"?>
<!-- Generated by org.testng.reporters.JUnitReportReporter -->
<testsuite name="LibertyTa.LT.test" tests="1" time="0.037" ignored="0" failures="0" timestamp="17 Nov 2018 15:13:21 GMT" skipped="0" hostname="Lenovo-PC" errors="0">
  <testcase name="testadfa" time="0.037" classname="LibertyTa.LT.test"/>
</testsuite> <!-- LibertyTa.LT.test -->
